2016-09-13 14:16:42 - PHP Notice:  Undefined index: country_id in /home/karma/server/mysite.zz/system/library/tax.php on line 17
2016-09-13 14:16:42 - PHP Notice:  Undefined index: zone_id in /home/karma/server/mysite.zz/system/library/tax.php on line 17
2016-09-13 14:18:57 - PHP Notice:  Undefined index: country_id in /home/karma/server/mysite.zz/system/library/tax.php on line 17
2016-09-13 14:18:57 - PHP Notice:  Undefined index: zone_id in /home/karma/server/mysite.zz/system/library/tax.php on line 17
2016-09-13 14:19:18 - PHP Notice:  Undefined index: country_id in /home/karma/server/mysite.zz/system/library/tax.php on line 17
2016-09-13 14:19:18 - PHP Notice:  Undefined index: zone_id in /home/karma/server/mysite.zz/system/library/tax.php on line 17
2016-09-13 14:19:28 - PHP Notice:  Undefined index: country_id in /home/karma/server/mysite.zz/system/library/tax.php on line 17
2016-09-13 14:19:28 - PHP Notice:  Undefined index: zone_id in /home/karma/server/mysite.zz/system/library/tax.php on line 17
2016-09-13 14:19:31 - PHP Notice:  Undefined index: country_id in /home/karma/server/mysite.zz/system/library/tax.php on line 17
2016-09-13 14:19:31 - PHP Notice:  Undefined index: zone_id in /home/karma/server/mysite.zz/system/library/tax.php on line 17
2016-09-13 14:19:31 - PHP Notice:  Undefined index: country_id in /home/karma/server/mysite.zz/system/library/tax.php on line 17
2016-09-13 14:19:31 - PHP Notice:  Undefined index: zone_id in /home/karma/server/mysite.zz/system/library/tax.php on line 17
2016-09-13 14:23:53 - PHP Notice:  Undefined index: country_id in /home/karma/server/mysite.zz/system/library/tax.php on line 17
2016-09-13 14:23:53 - PHP Notice:  Undefined index: zone_id in /home/karma/server/mysite.zz/system/library/tax.php on line 17
2016-09-13 14:26:07 - PHP Notice:  Undefined index: country_id in /home/karma/server/mysite.zz/system/library/tax.php on line 17
2016-09-13 14:26:07 - PHP Notice:  Undefined index: zone_id in /home/karma/server/mysite.zz/system/library/tax.php on line 17
2016-09-13 20:39:15 - PHP Notice:  Undefined variable: agree in D:\OpenServer\OpenServer\domains\harvest1\catalog\view\theme\default\template\checkout\checkout.tpl on line 588
2016-09-13 20:40:22 - PHP Notice:  Undefined variable: agree in D:\OpenServer\OpenServer\domains\harvest1\catalog\view\theme\default\template\checkout\checkout.tpl on line 588
2016-09-13 20:40:55 - PHP Notice:  Undefined variable: agree in D:\OpenServer\OpenServer\domains\harvest1\catalog\view\theme\default\template\checkout\checkout.tpl on line 588
2016-09-13 20:41:10 - PHP Notice:  Undefined variable: agree in D:\OpenServer\OpenServer\domains\harvest1\catalog\view\theme\default\template\checkout\checkout.tpl on line 588
2016-09-13 20:41:51 - PHP Notice:  Undefined variable: agree in D:\OpenServer\OpenServer\domains\harvest1\catalog\view\theme\default\template\checkout\checkout.tpl on line 588
2016-09-13 20:43:30 - PHP Notice:  Undefined variable: agree in D:\OpenServer\OpenServer\domains\harvest1\catalog\view\theme\default\template\checkout\checkout.tpl on line 588
2016-09-13 20:43:50 - PHP Notice:  Undefined variable: agree in D:\OpenServer\OpenServer\domains\harvest1\catalog\view\theme\default\template\checkout\checkout.tpl on line 588
2016-09-13 20:44:17 - PHP Notice:  Undefined variable: agree in D:\OpenServer\OpenServer\domains\harvest1\catalog\view\theme\default\template\checkout\checkout.tpl on line 588
2016-09-13 20:45:45 - PHP Notice:  Undefined variable: agree in D:\OpenServer\OpenServer\domains\harvest1\catalog\view\theme\default\template\checkout\checkout.tpl on line 588
2016-09-13 20:46:06 - PHP Notice:  Undefined variable: agree in D:\OpenServer\OpenServer\domains\harvest1\catalog\view\theme\default\template\checkout\checkout.tpl on line 588
2016-09-13 20:46:36 - PHP Notice:  Undefined variable: agree in D:\OpenServer\OpenServer\domains\harvest1\catalog\view\theme\default\template\checkout\checkout.tpl on line 588
2016-09-13 20:47:00 - PHP Notice:  Undefined variable: agree in D:\OpenServer\OpenServer\domains\harvest1\catalog\view\theme\default\template\checkout\checkout.tpl on line 588
2016-09-13 20:47:18 - PHP Notice:  Undefined variable: agree in D:\OpenServer\OpenServer\domains\harvest1\catalog\view\theme\default\template\checkout\checkout.tpl on line 588
2016-09-13 20:47:42 - PHP Notice:  Undefined variable: agree in D:\OpenServer\OpenServer\domains\harvest1\catalog\view\theme\default\template\checkout\checkout.tpl on line 588
2016-09-13 20:48:21 - PHP Notice:  Undefined variable: agree in D:\OpenServer\OpenServer\domains\harvest1\catalog\view\theme\default\template\checkout\checkout.tpl on line 584
2016-09-13 20:48:40 - PHP Notice:  Undefined variable: agree in D:\OpenServer\OpenServer\domains\harvest1\catalog\view\theme\default\template\checkout\checkout.tpl on line 584
2016-09-13 20:48:49 - PHP Notice:  Undefined variable: agree in D:\OpenServer\OpenServer\domains\harvest1\catalog\view\theme\default\template\checkout\checkout.tpl on line 584
2016-09-13 20:49:12 - PHP Notice:  Undefined variable: agree in D:\OpenServer\OpenServer\domains\harvest1\catalog\view\theme\default\template\checkout\checkout.tpl on line 584
2016-09-13 20:50:24 - PHP Notice:  Undefined variable: agree in D:\OpenServer\OpenServer\domains\harvest1\catalog\view\theme\default\template\checkout\checkout.tpl on line 584
2016-09-13 20:50:31 - PHP Notice:  Undefined variable: agree in D:\OpenServer\OpenServer\domains\harvest1\catalog\view\theme\default\template\checkout\checkout.tpl on line 584
2016-09-13 20:53:43 - PHP Notice:  Undefined variable: agree in D:\OpenServer\OpenServer\domains\harvest1\catalog\view\theme\default\template\checkout\checkout.tpl on line 588
2016-09-13 20:55:20 - PHP Notice:  Undefined variable: agree in D:\OpenServer\OpenServer\domains\harvest1\catalog\view\theme\default\template\checkout\checkout.tpl on line 588
2016-09-13 20:55:45 - PHP Notice:  Undefined variable: agree in D:\OpenServer\OpenServer\domains\harvest1\catalog\view\theme\default\template\checkout\checkout.tpl on line 588
2016-09-13 20:56:21 - PHP Notice:  Undefined variable: agree in D:\OpenServer\OpenServer\domains\harvest1\catalog\view\theme\default\template\checkout\checkout.tpl on line 588
2016-09-13 20:56:43 - PHP Notice:  Undefined variable: agree in D:\OpenServer\OpenServer\domains\harvest1\catalog\view\theme\default\template\checkout\checkout.tpl on line 588
2016-09-13 20:57:45 - PHP Notice:  Undefined variable: agree in D:\OpenServer\OpenServer\domains\harvest1\catalog\view\theme\default\template\checkout\checkout.tpl on line 588
2016-09-13 20:58:19 - PHP Notice:  Undefined variable: agree in D:\OpenServer\OpenServer\domains\harvest1\catalog\view\theme\default\template\checkout\checkout.tpl on line 588
2016-09-13 21:00:17 - PHP Notice:  Undefined variable: agree in D:\OpenServer\OpenServer\domains\harvest1\catalog\view\theme\default\template\checkout\checkout.tpl on line 588
2016-09-13 21:01:37 - PHP Notice:  Undefined variable: agree in D:\OpenServer\OpenServer\domains\harvest1\catalog\view\theme\default\template\checkout\checkout.tpl on line 588
2016-09-13 21:02:59 - PHP Notice:  Undefined variable: agree in D:\OpenServer\OpenServer\domains\harvest1\catalog\view\theme\default\template\checkout\checkout.tpl on line 588
2016-09-13 21:03:32 - PHP Notice:  Undefined variable: agree in D:\OpenServer\OpenServer\domains\harvest1\catalog\view\theme\default\template\checkout\checkout.tpl on line 588
2016-09-13 21:04:52 - PHP Notice:  Undefined variable: agree in D:\OpenServer\OpenServer\domains\harvest1\catalog\view\theme\default\template\checkout\checkout.tpl on line 588
2016-09-13 21:05:32 - PHP Notice:  Undefined variable: agree in D:\OpenServer\OpenServer\domains\harvest1\catalog\view\theme\default\template\checkout\checkout.tpl on line 588
2016-09-13 21:07:57 - PHP Notice:  Undefined variable: agree in D:\OpenServer\OpenServer\domains\harvest1\catalog\view\theme\default\template\checkout\checkout.tpl on line 594
2016-09-13 21:08:26 - PHP Notice:  Undefined variable: agree in D:\OpenServer\OpenServer\domains\harvest1\catalog\view\theme\default\template\checkout\checkout.tpl on line 595
2016-09-13 21:08:33 - PHP Notice:  Undefined variable: agree in D:\OpenServer\OpenServer\domains\harvest1\catalog\view\theme\default\template\checkout\checkout.tpl on line 595
2016-09-13 21:09:49 - PHP Notice:  Undefined variable: agree in D:\OpenServer\OpenServer\domains\harvest1\catalog\view\theme\default\template\checkout\checkout.tpl on line 596
2016-09-13 21:10:08 - PHP Notice:  Undefined variable: agree in D:\OpenServer\OpenServer\domains\harvest1\catalog\view\theme\default\template\checkout\checkout.tpl on line 596
2016-09-13 21:11:25 - PHP Notice:  Undefined variable: agree in D:\OpenServer\OpenServer\domains\harvest1\catalog\view\theme\default\template\checkout\checkout.tpl on line 589
2016-09-13 21:12:44 - PHP Notice:  Undefined variable: agree in D:\OpenServer\OpenServer\domains\harvest1\catalog\view\theme\default\template\checkout\checkout.tpl on line 589
2016-09-13 21:13:41 - PHP Notice:  Undefined variable: agree in D:\OpenServer\OpenServer\domains\harvest1\catalog\view\theme\default\template\checkout\checkout.tpl on line 589
2016-09-13 21:16:07 - PHP Notice:  Undefined variable: agree in D:\OpenServer\OpenServer\domains\harvest1\catalog\view\theme\default\template\checkout\checkout.tpl on line 589
2016-09-13 21:16:40 - PHP Notice:  Undefined variable: agree in D:\OpenServer\OpenServer\domains\harvest1\catalog\view\theme\default\template\checkout\checkout.tpl on line 590
2016-09-13 21:17:10 - PHP Notice:  Undefined variable: agree in D:\OpenServer\OpenServer\domains\harvest1\catalog\view\theme\default\template\checkout\checkout.tpl on line 590
2016-09-13 21:19:28 - PHP Notice:  Undefined variable: agree in D:\OpenServer\OpenServer\domains\harvest1\catalog\view\theme\default\template\checkout\checkout.tpl on line 589
2016-09-13 21:19:45 - PHP Notice:  Undefined variable: agree in D:\OpenServer\OpenServer\domains\harvest1\catalog\view\theme\default\template\checkout\checkout.tpl on line 589
2016-09-13 21:22:00 - PHP Notice:  Undefined variable: agree in D:\OpenServer\OpenServer\domains\harvest1\catalog\view\theme\default\template\checkout\checkout.tpl on line 590
2016-09-13 21:22:47 - PHP Notice:  Undefined variable: agree in D:\OpenServer\OpenServer\domains\harvest1\catalog\view\theme\default\template\checkout\checkout.tpl on line 590
2016-09-13 21:23:07 - PHP Notice:  Undefined variable: agree in D:\OpenServer\OpenServer\domains\harvest1\catalog\view\theme\default\template\checkout\checkout.tpl on line 589
2016-09-13 21:23:41 - PHP Notice:  Undefined variable: agree in D:\OpenServer\OpenServer\domains\harvest1\catalog\view\theme\default\template\checkout\checkout.tpl on line 589
2016-09-13 21:23:45 - PHP Notice:  Undefined variable: agree in D:\OpenServer\OpenServer\domains\harvest1\catalog\view\theme\default\template\checkout\checkout.tpl on line 589
2016-09-13 21:24:11 - PHP Notice:  Undefined variable: agree in D:\OpenServer\OpenServer\domains\harvest1\catalog\view\theme\default\template\checkout\checkout.tpl on line 590
2016-09-13 21:24:15 - PHP Notice:  Undefined variable: agree in D:\OpenServer\OpenServer\domains\harvest1\catalog\view\theme\default\template\checkout\checkout.tpl on line 590
2016-09-13 21:24:34 - PHP Notice:  Undefined variable: agree in D:\OpenServer\OpenServer\domains\harvest1\catalog\view\theme\default\template\checkout\checkout.tpl on line 590
2016-09-13 21:24:40 - PHP Notice:  Undefined variable: agree in D:\OpenServer\OpenServer\domains\harvest1\catalog\view\theme\default\template\checkout\checkout.tpl on line 590
2016-09-13 21:26:33 - PHP Notice:  Undefined variable: agree in D:\OpenServer\OpenServer\domains\harvest1\catalog\view\theme\default\template\checkout\checkout.tpl on line 590
2016-09-13 21:27:07 - PHP Notice:  Undefined variable: agree in D:\OpenServer\OpenServer\domains\harvest1\catalog\view\theme\default\template\checkout\checkout.tpl on line 590
2016-09-13 21:27:22 - PHP Notice:  Undefined variable: agree in D:\OpenServer\OpenServer\domains\harvest1\catalog\view\theme\default\template\checkout\checkout.tpl on line 590
2016-09-13 21:27:34 - PHP Notice:  Undefined variable: agree in D:\OpenServer\OpenServer\domains\harvest1\catalog\view\theme\default\template\checkout\checkout.tpl on line 590
2016-09-13 21:27:52 - PHP Notice:  Undefined variable: agree in D:\OpenServer\OpenServer\domains\harvest1\catalog\view\theme\default\template\checkout\checkout.tpl on line 590
2016-09-13 21:28:48 - PHP Notice:  Undefined variable: agree in D:\OpenServer\OpenServer\domains\harvest1\catalog\view\theme\default\template\checkout\checkout.tpl on line 590
2016-09-13 21:29:39 - PHP Notice:  Undefined variable: agree in D:\OpenServer\OpenServer\domains\harvest1\catalog\view\theme\default\template\checkout\checkout.tpl on line 590
2016-09-13 21:30:32 - PHP Notice:  Undefined variable: agree in D:\OpenServer\OpenServer\domains\harvest1\catalog\view\theme\default\template\checkout\checkout.tpl on line 590
2016-09-13 21:31:06 - PHP Notice:  Undefined variable: agree in D:\OpenServer\OpenServer\domains\harvest1\catalog\view\theme\default\template\checkout\checkout.tpl on line 590
2016-09-13 21:31:41 - PHP Notice:  Undefined variable: text_payment_method123 in D:\OpenServer\OpenServer\domains\harvest1\catalog\view\theme\default\template\checkout\checkout.tpl on line 567
2016-09-13 21:31:41 - PHP Notice:  Undefined variable: agree in D:\OpenServer\OpenServer\domains\harvest1\catalog\view\theme\default\template\checkout\checkout.tpl on line 590
2016-09-13 21:31:45 - PHP Notice:  Undefined variable: text_payment_method123 in D:\OpenServer\OpenServer\domains\harvest1\catalog\view\theme\default\template\checkout\checkout.tpl on line 567
2016-09-13 21:31:45 - PHP Notice:  Undefined variable: agree in D:\OpenServer\OpenServer\domains\harvest1\catalog\view\theme\default\template\checkout\checkout.tpl on line 590
2016-09-13 21:32:14 - PHP Notice:  Undefined variable: text_payment_method123 in D:\OpenServer\OpenServer\domains\harvest1\catalog\view\theme\default\template\checkout\checkout.tpl on line 567
2016-09-13 21:32:14 - PHP Notice:  Undefined variable: agree in D:\OpenServer\OpenServer\domains\harvest1\catalog\view\theme\default\template\checkout\checkout.tpl on line 590
2016-09-13 21:37:08 - PHP Notice:  Undefined variable: agree in D:\OpenServer\OpenServer\domains\harvest1\catalog\view\theme\default\template\checkout\checkout.tpl on line 590
2016-09-13 21:38:26 - PHP Notice:  Undefined variable: agree in D:\OpenServer\OpenServer\domains\harvest1\catalog\view\theme\default\template\checkout\checkout.tpl on line 590
2016-09-13 21:38:34 - PHP Notice:  Undefined variable: agree in D:\OpenServer\OpenServer\domains\harvest1\catalog\view\theme\default\template\checkout\checkout.tpl on line 590
2016-09-13 21:40:43 - PHP Notice:  Undefined variable: agree in D:\OpenServer\OpenServer\domains\harvest1\catalog\view\theme\default\template\checkout\checkout.tpl on line 590
2016-09-13 21:41:12 - PHP Notice:  Undefined variable: agree in D:\OpenServer\OpenServer\domains\harvest1\catalog\view\theme\default\template\checkout\checkout.tpl on line 590
2016-09-13 21:41:18 - PHP Notice:  Undefined variable: agree in D:\OpenServer\OpenServer\domains\harvest1\catalog\view\theme\default\template\checkout\checkout.tpl on line 590
2016-09-13 21:43:00 - PHP Notice:  Undefined variable: agree in D:\OpenServer\OpenServer\domains\harvest1\catalog\view\theme\default\template\checkout\checkout.tpl on line 590
2016-09-14 10:35:51 - PHP Notice:  Undefined variable: agree in /home/karma/server/mysite.zz/catalog/view/theme/default/template/checkout/checkout.tpl on line 590
2016-09-14 15:22:30 - Export/Import: Worksheet 'ProductAttributes' uses product_id '1' in the wrong order. Ascending order expected!
2016-09-14 15:22:30 - Export/Import: Worksheet 'ProductFilters' uses product_id '1' in the wrong order. Ascending order expected!
2016-09-16 12:28:40 - PHP Notice:  Undefined index: key in /home/karma/server/mysite.zz/catalog/controller/api/login.php on line 25
2016-09-16 13:07:52 - PHP Notice:  Undefined index: key in /home/karma/server/mysite.zz/catalog/controller/api/login.php on line 25
2016-09-16 13:12:31 - PHP Notice:  Undefined index: key in /home/karma/server/mysite.zz/catalog/controller/api/login.php on line 25
2016-09-16 13:12:49 - PHP Notice:  Undefined index: key in /home/karma/server/mysite.zz/catalog/controller/api/login.php on line 25
2016-09-16 13:12:51 - PHP Notice:  Undefined index: key in /home/karma/server/mysite.zz/catalog/controller/api/login.php on line 25
2016-09-16 13:12:53 - PHP Notice:  Undefined index: key in /home/karma/server/mysite.zz/catalog/controller/api/login.php on line 25
2016-09-16 13:13:10 - PHP Notice:  Undefined index: key in /home/karma/server/mysite.zz/catalog/controller/api/login.php on line 25
2016-09-16 13:13:11 - PHP Notice:  Undefined index: key in /home/karma/server/mysite.zz/catalog/controller/api/login.php on line 25
2016-09-16 13:13:13 - PHP Notice:  Undefined index: key in /home/karma/server/mysite.zz/catalog/controller/api/login.php on line 25
2016-09-16 13:16:50 - PHP Notice:  Undefined index: key in /home/karma/server/mysite.zz/catalog/controller/api/login.php on line 25
2016-09-16 13:16:51 - PHP Notice:  Undefined index: key in /home/karma/server/mysite.zz/catalog/controller/api/login.php on line 25
2016-09-16 13:16:53 - PHP Notice:  Undefined index: key in /home/karma/server/mysite.zz/catalog/controller/api/login.php on line 25
2016-09-16 13:16:54 - PHP Notice:  Undefined index: key in /home/karma/server/mysite.zz/catalog/controller/api/login.php on line 25
2016-09-16 13:16:55 - PHP Notice:  Undefined index: key in /home/karma/server/mysite.zz/catalog/controller/api/login.php on line 25
2016-09-16 13:18:14 - PHP Notice:  Undefined index: key in /home/karma/server/mysite.zz/catalog/controller/api/login.php on line 25
2016-09-16 13:20:00 - PHP Notice:  Undefined index: key in /home/karma/server/mysite.zz/catalog/controller/api/login.php on line 25
2016-09-16 13:20:17 - PHP Notice:  Undefined index: key in /home/karma/server/mysite.zz/catalog/controller/api/login.php on line 25
2016-09-16 13:20:52 - PHP Notice:  Undefined index: key in /home/karma/server/mysite.zz/catalog/controller/api/login.php on line 25
2016-09-16 14:12:31 - PHP Notice:  Undefined variable: mimage in /home/karma/server/mysite.zz/catalog/view/theme/default/template/product/category.tpl on line 98
2016-09-16 14:12:31 - PHP Notice:  Undefined variable: mimage in /home/karma/server/mysite.zz/catalog/view/theme/default/template/product/category.tpl on line 98
2016-09-16 14:12:31 - PHP Notice:  Undefined variable: mimage in /home/karma/server/mysite.zz/catalog/view/theme/default/template/product/category.tpl on line 98
2016-09-16 14:12:31 - PHP Notice:  Undefined variable: mimage in /home/karma/server/mysite.zz/catalog/view/theme/default/template/product/category.tpl on line 98
2016-09-16 14:12:31 - PHP Notice:  Undefined variable: mimage in /home/karma/server/mysite.zz/catalog/view/theme/default/template/product/category.tpl on line 98
2016-09-16 14:12:31 - PHP Notice:  Undefined variable: mimage in /home/karma/server/mysite.zz/catalog/view/theme/default/template/product/category.tpl on line 98
2016-09-16 14:12:31 - PHP Notice:  Undefined variable: mimage in /home/karma/server/mysite.zz/catalog/view/theme/default/template/product/category.tpl on line 98
2016-09-16 14:12:31 - PHP Notice:  Undefined variable: mimage in /home/karma/server/mysite.zz/catalog/view/theme/default/template/product/category.tpl on line 98
2016-09-16 14:12:31 - PHP Notice:  Undefined variable: mimage in /home/karma/server/mysite.zz/catalog/view/theme/default/template/product/category.tpl on line 98
2016-09-16 14:12:31 - PHP Notice:  Undefined variable: mimage in /home/karma/server/mysite.zz/catalog/view/theme/default/template/product/category.tpl on line 98
2016-09-16 14:12:31 - PHP Notice:  Undefined variable: mimage in /home/karma/server/mysite.zz/catalog/view/theme/default/template/product/category.tpl on line 98
2016-09-16 14:12:31 - PHP Notice:  Undefined variable: mimage in /home/karma/server/mysite.zz/catalog/view/theme/default/template/product/category.tpl on line 98
2016-09-16 14:12:31 - PHP Notice:  Undefined variable: mimage in /home/karma/server/mysite.zz/catalog/view/theme/default/template/product/category.tpl on line 98
2016-09-16 14:12:31 - PHP Notice:  Undefined variable: mimage in /home/karma/server/mysite.zz/catalog/view/theme/default/template/product/category.tpl on line 98
2016-09-16 14:12:31 - PHP Notice:  Undefined variable: mimage in /home/karma/server/mysite.zz/catalog/view/theme/default/template/product/category.tpl on line 98
2016-09-16 15:13:59 - Export/Import: Undefined attribute_name 'ИН/CC' for attribute_group_name 'Технические характеристики' used in worksheet 'ProductAttributes'!
2016-09-16 15:13:59 - Export/Import: Undefined attribute_name 'ИН/CC' for attribute_group_name 'Технические характеристики' used in worksheet 'ProductAttributes'!
2016-09-16 15:13:59 - Export/Import: Undefined attribute_name 'ИН/CC' for attribute_group_name 'Технические характеристики' used in worksheet 'ProductAttributes'!
2016-09-16 15:13:59 - Export/Import: Undefined attribute_name 'ИН/CC' for attribute_group_name 'Технические характеристики' used in worksheet 'ProductAttributes'!
2016-09-16 15:13:59 - Export/Import: Undefined attribute_name 'ИН/CC' for attribute_group_name 'Технические характеристики' used in worksheet 'ProductAttributes'!
2016-09-16 15:13:59 - Export/Import: Undefined attribute_name 'ИН/CC' for attribute_group_name 'Технические характеристики' used in worksheet 'ProductAttributes'!
2016-09-16 15:13:59 - Export/Import: Undefined attribute_name 'ИН/CC' for attribute_group_name 'Технические характеристики' used in worksheet 'ProductAttributes'!
2016-09-16 15:13:59 - Export/Import: Undefined attribute_name 'ИН/CC' for attribute_group_name 'Технические характеристики' used in worksheet 'ProductAttributes'!
2016-09-16 15:13:59 - Export/Import: Undefined attribute_name 'ИН/CC' for attribute_group_name 'Технические характеристики' used in worksheet 'ProductAttributes'!
2016-09-16 15:13:59 - Export/Import: Undefined attribute_name 'ИН/CC' for attribute_group_name 'Технические характеристики' used in worksheet 'ProductAttributes'!
2016-09-16 15:13:59 - Export/Import: Undefined attribute_name 'ИН/CC' for attribute_group_name 'Технические характеристики' used in worksheet 'ProductAttributes'!
2016-09-16 15:13:59 - Export/Import: Undefined attribute_name 'ИН/CC' for attribute_group_name 'Технические характеристики' used in worksheet 'ProductAttributes'!
2016-09-16 15:13:59 - Export/Import: Undefined attribute_name 'ИН/CC' for attribute_group_name 'Технические характеристики' used in worksheet 'ProductAttributes'!
2016-09-16 15:13:59 - Export/Import: Undefined attribute_name 'ИН/CC' for attribute_group_name 'Технические характеристики' used in worksheet 'ProductAttributes'!
2016-09-16 15:13:59 - Export/Import: Undefined attribute_name 'ИН/CC' for attribute_group_name 'Технические характеристики' used in worksheet 'ProductAttributes'!
2016-09-16 15:13:59 - Export/Import: Undefined attribute_name 'ИН/CC' for attribute_group_name 'Технические характеристики' used in worksheet 'ProductAttributes'!
2016-09-16 15:13:59 - Export/Import: Undefined attribute_name 'ИН/CC' for attribute_group_name 'Технические характеристики' used in worksheet 'ProductAttributes'!
2016-09-16 15:13:59 - Export/Import: Undefined attribute_name 'ИН/CC' for attribute_group_name 'Технические характеристики' used in worksheet 'ProductAttributes'!
2016-09-16 15:13:59 - Export/Import: Undefined attribute_name 'ИН/CC' for attribute_group_name 'Технические характеристики' used in worksheet 'ProductAttributes'!
2016-09-16 15:13:59 - Export/Import: Undefined attribute_name 'ИН/CC' for attribute_group_name 'Технические характеристики' used in worksheet 'ProductAttributes'!
2016-09-16 15:13:59 - Export/Import: Undefined attribute_name 'ИН/CC' for attribute_group_name 'Технические характеристики' used in worksheet 'ProductAttributes'!
2016-09-16 15:13:59 - Export/Import: Undefined attribute_name 'ИН/CC' for attribute_group_name 'Технические характеристики' used in worksheet 'ProductAttributes'!
2016-09-16 15:13:59 - Export/Import: Undefined attribute_name 'ИН/CC' for attribute_group_name 'Технические характеристики' used in worksheet 'ProductAttributes'!
2016-09-16 15:13:59 - Export/Import: Undefined attribute_name 'ИН/CC' for attribute_group_name 'Технические характеристики' used in worksheet 'ProductAttributes'!
2016-09-16 15:13:59 - Export/Import: Undefined attribute_name 'ИН/CC' for attribute_group_name 'Технические характеристики' used in worksheet 'ProductAttributes'!
2016-09-16 15:13:59 - Export/Import: Undefined attribute_name 'ИН/CC' for attribute_group_name 'Технические характеристики' used in worksheet 'ProductAttributes'!
2016-09-16 15:13:59 - Export/Import: Undefined attribute_name 'ИН/CC' for attribute_group_name 'Технические характеристики' used in worksheet 'ProductAttributes'!
2016-09-16 15:13:59 - Export/Import: Undefined attribute_name 'ИН/CC' for attribute_group_name 'Технические характеристики' used in worksheet 'ProductAttributes'!
2016-09-16 15:13:59 - Export/Import: Undefined attribute_name 'ИН/CC' for attribute_group_name 'Технические характеристики' used in worksheet 'ProductAttributes'!
2016-09-16 15:13:59 - Export/Import: Undefined attribute_name 'ИН/CC' for attribute_group_name 'Технические характеристики' used in worksheet 'ProductAttributes'!
2016-09-16 15:13:59 - Export/Import: Undefined attribute_name 'ИН/CC' for attribute_group_name 'Технические характеристики' used in worksheet 'ProductAttributes'!
2016-09-16 15:13:59 - Export/Import: Undefined attribute_name 'ИН/CC' for attribute_group_name 'Технические характеристики' used in worksheet 'ProductAttributes'!
2016-09-16 15:13:59 - Export/Import: Undefined attribute_name 'ИН/CC' for attribute_group_name 'Технические характеристики' used in worksheet 'ProductAttributes'!
2016-09-16 15:13:59 - Export/Import: Undefined attribute_name 'ИН/CC' for attribute_group_name 'Технические характеристики' used in worksheet 'ProductAttributes'!
2016-09-16 15:13:59 - Export/Import: Undefined attribute_name 'ИН/CC' for attribute_group_name 'Технические характеристики' used in worksheet 'ProductAttributes'!
2016-09-16 15:13:59 - Export/Import: Undefined attribute_name 'ИН/CC' for attribute_group_name 'Технические характеристики' used in worksheet 'ProductAttributes'!
2016-09-16 15:13:59 - Export/Import: Undefined attribute_name 'ИН/CC' for attribute_group_name 'Технические характеристики' used in worksheet 'ProductAttributes'!
2016-09-16 15:13:59 - Export/Import: Undefined attribute_name 'ИН/CC' for attribute_group_name 'Технические характеристики' used in worksheet 'ProductAttributes'!
2016-09-16 15:13:59 - Export/Import: Undefined attribute_name 'ИН/CC' for attribute_group_name 'Технические характеристики' used in worksheet 'ProductAttributes'!
2016-09-16 15:13:59 - Export/Import: Undefined attribute_name 'ИН/CC' for attribute_group_name 'Технические характеристики' used in worksheet 'ProductAttributes'!
2016-09-16 15:13:59 - Export/Import: Undefined attribute_name 'ИН/CC' for attribute_group_name 'Технические характеристики' used in worksheet 'ProductAttributes'!
2016-09-16 15:13:59 - Export/Import: Undefined attribute_name 'ИН/CC' for attribute_group_name 'Технические характеристики' used in worksheet 'ProductAttributes'!
2016-09-16 15:13:59 - Export/Import: Undefined attribute_name 'ИН/CC' for attribute_group_name 'Технические характеристики' used in worksheet 'ProductAttributes'!
2016-09-16 15:13:59 - Export/Import: Undefined attribute_name 'ИН/CC' for attribute_group_name 'Технические характеристики' used in worksheet 'ProductAttributes'!
2016-09-16 15:13:59 - Export/Import: Undefined attribute_name 'ИН/CC' for attribute_group_name 'Технические характеристики' used in worksheet 'ProductAttributes'!
2016-09-16 15:13:59 - Export/Import: Undefined attribute_name 'ИН/CC' for attribute_group_name 'Технические характеристики' used in worksheet 'ProductAttributes'!
2016-09-16 15:13:59 - Export/Import: Undefined attribute_name 'ИН/CC' for attribute_group_name 'Технические характеристики' used in worksheet 'ProductAttributes'!
2016-09-16 15:14:00 - Export/Import: Undefined attribute_name 'ИН/CC' for attribute_group_name 'Технические характеристики' used in worksheet 'ProductAttributes'!
2016-09-16 15:14:00 - Export/Import: Undefined attribute_name 'ИН/CC' for attribute_group_name 'Технические характеристики' used in worksheet 'ProductAttributes'!
2016-09-16 15:14:00 - Export/Import: Undefined attribute_name 'ИН/CC' for attribute_group_name 'Технические характеристики' used in worksheet 'ProductAttributes'!
2016-09-16 15:14:00 - Export/Import: Undefined attribute_name 'ИН/CC' for attribute_group_name 'Технические характеристики' used in worksheet 'ProductAttributes'!
2016-09-16 15:14:00 - Export/Import: Undefined attribute_name 'ИН/CC' for attribute_group_name 'Технические характеристики' used in worksheet 'ProductAttributes'!
2016-09-16 15:14:00 - Export/Import: Undefined attribute_name 'ИН/CC' for attribute_group_name 'Технические характеристики' used in worksheet 'ProductAttributes'!
2016-09-16 15:14:00 - Export/Import: Undefined attribute_name 'ИН/CC' for attribute_group_name 'Технические характеристики' used in worksheet 'ProductAttributes'!
2016-09-16 15:14:00 - Export/Import: Undefined attribute_name 'ИН/CC' for attribute_group_name 'Технические характеристики' used in worksheet 'ProductAttributes'!
2016-09-16 15:14:00 - Export/Import: Undefined attribute_name 'ИН/CC' for attribute_group_name 'Технические характеристики' used in worksheet 'ProductAttributes'!
2016-09-16 15:14:00 - Export/Import: Undefined attribute_name 'ИН/CC' for attribute_group_name 'Технические характеристики' used in worksheet 'ProductAttributes'!
2016-09-16 15:14:00 - Export/Import: Undefined attribute_name 'ИН/CC' for attribute_group_name 'Технические характеристики' used in worksheet 'ProductAttributes'!
2016-09-16 15:17:01 - Export/Import: Undefined attribute_name 'ИН/CC' for attribute_group_name 'Технические характеристики' used in worksheet 'ProductAttributes'!
2016-09-16 15:17:01 - Export/Import: Undefined attribute_name 'ИН/CC' for attribute_group_name 'Технические характеристики' used in worksheet 'ProductAttributes'!
2016-09-16 15:17:01 - Export/Import: Undefined attribute_name 'ИН/CC' for attribute_group_name 'Технические характеристики' used in worksheet 'ProductAttributes'!
2016-09-16 15:17:01 - Export/Import: Undefined attribute_name 'ИН/CC' for attribute_group_name 'Технические характеристики' used in worksheet 'ProductAttributes'!
2016-09-16 15:17:01 - Export/Import: Undefined attribute_name 'ИН/CC' for attribute_group_name 'Технические характеристики' used in worksheet 'ProductAttributes'!
2016-09-16 15:17:01 - Export/Import: Undefined attribute_name 'ИН/CC' for attribute_group_name 'Технические характеристики' used in worksheet 'ProductAttributes'!
2016-09-16 15:17:01 - Export/Import: Undefined attribute_name 'ИН/CC' for attribute_group_name 'Технические характеристики' used in worksheet 'ProductAttributes'!
2016-09-16 15:17:01 - Export/Import: Undefined attribute_name 'ИН/CC' for attribute_group_name 'Технические характеристики' used in worksheet 'ProductAttributes'!
2016-09-16 15:17:01 - Export/Import: Undefined attribute_name 'ИН/CC' for attribute_group_name 'Технические характеристики' used in worksheet 'ProductAttributes'!
2016-09-16 15:17:01 - Export/Import: Undefined attribute_name 'ИН/CC' for attribute_group_name 'Технические характеристики' used in worksheet 'ProductAttributes'!
2016-09-16 15:17:01 - Export/Import: Undefined attribute_name 'ИН/CC' for attribute_group_name 'Технические характеристики' used in worksheet 'ProductAttributes'!
2016-09-16 15:17:01 - Export/Import: Undefined attribute_name 'ИН/CC' for attribute_group_name 'Технические характеристики' used in worksheet 'ProductAttributes'!
2016-09-16 15:17:01 - Export/Import: Undefined attribute_name 'ИН/CC' for attribute_group_name 'Технические характеристики' used in worksheet 'ProductAttributes'!
2016-09-16 15:17:01 - Export/Import: Undefined attribute_name 'ИН/CC' for attribute_group_name 'Технические характеристики' used in worksheet 'ProductAttributes'!
2016-09-16 15:17:01 - Export/Import: Undefined attribute_name 'ИН/CC' for attribute_group_name 'Технические характеристики' used in worksheet 'ProductAttributes'!
2016-09-16 15:17:01 - Export/Import: Undefined attribute_name 'ИН/CC' for attribute_group_name 'Технические характеристики' used in worksheet 'ProductAttributes'!
2016-09-16 15:17:01 - Export/Import: Undefined attribute_name 'ИН/CC' for attribute_group_name 'Технические характеристики' used in worksheet 'ProductAttributes'!
2016-09-16 15:17:01 - Export/Import: Undefined attribute_name 'ИН/CC' for attribute_group_name 'Технические характеристики' used in worksheet 'ProductAttributes'!
2016-09-16 15:17:01 - Export/Import: Undefined attribute_name 'ИН/CC' for attribute_group_name 'Технические характеристики' used in worksheet 'ProductAttributes'!
2016-09-16 15:17:01 - Export/Import: Undefined attribute_name 'ИН/CC' for attribute_group_name 'Технические характеристики' used in worksheet 'ProductAttributes'!
2016-09-16 15:17:01 - Export/Import: Undefined attribute_name 'ИН/CC' for attribute_group_name 'Технические характеристики' used in worksheet 'ProductAttributes'!
2016-09-16 15:17:01 - Export/Import: Undefined attribute_name 'ИН/CC' for attribute_group_name 'Технические характеристики' used in worksheet 'ProductAttributes'!
2016-09-16 15:17:01 - Export/Import: Undefined attribute_name 'ИН/CC' for attribute_group_name 'Технические характеристики' used in worksheet 'ProductAttributes'!
2016-09-16 15:17:01 - Export/Import: Undefined attribute_name 'ИН/CC' for attribute_group_name 'Технические характеристики' used in worksheet 'ProductAttributes'!
2016-09-16 15:17:01 - Export/Import: Undefined attribute_name 'ИН/CC' for attribute_group_name 'Технические характеристики' used in worksheet 'ProductAttributes'!
2016-09-16 15:17:01 - Export/Import: Undefined attribute_name 'ИН/CC' for attribute_group_name 'Технические характеристики' used in worksheet 'ProductAttributes'!
2016-09-16 15:17:01 - Export/Import: Undefined attribute_name 'ИН/CC' for attribute_group_name 'Технические характеристики' used in worksheet 'ProductAttributes'!
2016-09-16 15:17:01 - Export/Import: Undefined attribute_name 'ИН/CC' for attribute_group_name 'Технические характеристики' used in worksheet 'ProductAttributes'!
2016-09-16 15:17:01 - Export/Import: Undefined attribute_name 'ИН/CC' for attribute_group_name 'Технические характеристики' used in worksheet 'ProductAttributes'!
2016-09-16 15:17:01 - Export/Import: Undefined attribute_name 'ИН/CC' for attribute_group_name 'Технические характеристики' used in worksheet 'ProductAttributes'!
2016-09-16 15:17:01 - Export/Import: Undefined attribute_name 'ИН/CC' for attribute_group_name 'Технические характеристики' used in worksheet 'ProductAttributes'!
2016-09-16 15:17:01 - Export/Import: Undefined attribute_name 'ИН/CC' for attribute_group_name 'Технические характеристики' used in worksheet 'ProductAttributes'!
2016-09-16 15:17:01 - Export/Import: Undefined attribute_name 'ИН/CC' for attribute_group_name 'Технические характеристики' used in worksheet 'ProductAttributes'!
2016-09-16 15:17:01 - Export/Import: Undefined attribute_name 'ИН/CC' for attribute_group_name 'Технические характеристики' used in worksheet 'ProductAttributes'!
2016-09-16 15:17:01 - Export/Import: Undefined attribute_name 'ИН/CC' for attribute_group_name 'Технические характеристики' used in worksheet 'ProductAttributes'!
2016-09-16 15:17:01 - Export/Import: Undefined attribute_name 'ИН/CC' for attribute_group_name 'Технические характеристики' used in worksheet 'ProductAttributes'!
2016-09-16 15:17:01 - Export/Import: Undefined attribute_name 'ИН/CC' for attribute_group_name 'Технические характеристики' used in worksheet 'ProductAttributes'!
2016-09-16 15:17:01 - Export/Import: Undefined attribute_name 'ИН/CC' for attribute_group_name 'Технические характеристики' used in worksheet 'ProductAttributes'!
2016-09-16 15:17:01 - Export/Import: Undefined attribute_name 'ИН/CC' for attribute_group_name 'Технические характеристики' used in worksheet 'ProductAttributes'!
2016-09-16 15:17:01 - Export/Import: Undefined attribute_name 'ИН/CC' for attribute_group_name 'Технические характеристики' used in worksheet 'ProductAttributes'!
2016-09-16 15:17:01 - Export/Import: Undefined attribute_name 'ИН/CC' for attribute_group_name 'Технические характеристики' used in worksheet 'ProductAttributes'!
2016-09-16 15:17:01 - Export/Import: Undefined attribute_name 'ИН/CC' for attribute_group_name 'Технические характеристики' used in worksheet 'ProductAttributes'!
2016-09-16 15:17:01 - Export/Import: Undefined attribute_name 'ИН/CC' for attribute_group_name 'Технические характеристики' used in worksheet 'ProductAttributes'!
2016-09-16 15:17:01 - Export/Import: Undefined attribute_name 'ИН/CC' for attribute_group_name 'Технические характеристики' used in worksheet 'ProductAttributes'!
2016-09-16 15:17:01 - Export/Import: Undefined attribute_name 'ИН/CC' for attribute_group_name 'Технические характеристики' used in worksheet 'ProductAttributes'!
2016-09-16 15:17:01 - Export/Import: Undefined attribute_name 'ИН/CC' for attribute_group_name 'Технические характеристики' used in worksheet 'ProductAttributes'!
2016-09-16 15:17:01 - Export/Import: Undefined attribute_name 'ИН/CC' for attribute_group_name 'Технические характеристики' used in worksheet 'ProductAttributes'!
2016-09-16 15:17:01 - Export/Import: Undefined attribute_name 'ИН/CC' for attribute_group_name 'Технические характеристики' used in worksheet 'ProductAttributes'!
2016-09-16 15:17:01 - Export/Import: Undefined attribute_name 'ИН/CC' for attribute_group_name 'Технические характеристики' used in worksheet 'ProductAttributes'!
2016-09-16 15:17:01 - Export/Import: Undefined attribute_name 'ИН/CC' for attribute_group_name 'Технические характеристики' used in worksheet 'ProductAttributes'!
2016-09-16 15:17:01 - Export/Import: Undefined attribute_name 'ИН/CC' for attribute_group_name 'Технические характеристики' used in worksheet 'ProductAttributes'!
2016-09-16 15:17:01 - Export/Import: Undefined attribute_name 'ИН/CC' for attribute_group_name 'Технические характеристики' used in worksheet 'ProductAttributes'!
2016-09-16 15:17:01 - Export/Import: Undefined attribute_name 'ИН/CC' for attribute_group_name 'Технические характеристики' used in worksheet 'ProductAttributes'!
2016-09-16 15:17:01 - Export/Import: Undefined attribute_name 'ИН/CC' for attribute_group_name 'Технические характеристики' used in worksheet 'ProductAttributes'!
2016-09-16 15:17:02 - Export/Import: Undefined attribute_name 'ИН/CC' for attribute_group_name 'Технические характеристики' used in worksheet 'ProductAttributes'!
2016-09-16 15:17:02 - Export/Import: Undefined attribute_name 'ИН/CC' for attribute_group_name 'Технические характеристики' used in worksheet 'ProductAttributes'!
2016-09-16 15:17:02 - Export/Import: Undefined attribute_name 'ИН/CC' for attribute_group_name 'Технические характеристики' used in worksheet 'ProductAttributes'!
2016-09-16 15:17:02 - Export/Import: Undefined attribute_name 'ИН/CC' for attribute_group_name 'Технические характеристики' used in worksheet 'ProductAttributes'!
2016-09-21 13:04:44 - PHP Notice:  Undefined variable: search in /home/karma/server/mysite.zz/catalog/view/theme/next-default/template/common/footer.tpl on line 24
2016-09-21 13:04:44 - PHP Notice:  Undefined variable: text_search in /home/karma/server/mysite.zz/catalog/view/theme/next-default/template/common/footer.tpl on line 24
2016-09-21 13:04:44 - PHP Notice:  Undefined variable: compare in /home/karma/server/mysite.zz/catalog/view/theme/next-default/template/common/footer.tpl on line 27
2016-09-21 13:04:44 - PHP Notice:  Undefined variable: text_compare in /home/karma/server/mysite.zz/catalog/view/theme/next-default/template/common/footer.tpl on line 27
2016-09-21 13:04:44 - PHP Notice:  Undefined variable: meta_title in /home/karma/server/mysite.zz/catalog/view/theme/next-default/template/common/footer.tpl on line 49
2016-09-21 13:04:44 - PHP Notice:  Undefined variable: telephone in /home/karma/server/mysite.zz/catalog/view/theme/next-default/template/common/footer.tpl on line 52
2016-09-21 13:04:44 - PHP Notice:  Undefined variable: address in /home/karma/server/mysite.zz/catalog/view/theme/next-default/template/common/footer.tpl on line 54
2016-09-21 13:04:44 - PHP Notice:  Undefined variable: email in /home/karma/server/mysite.zz/catalog/view/theme/next-default/template/common/footer.tpl on line 56
2016-09-21 13:04:44 - PHP Notice:  Undefined variable: email in /home/karma/server/mysite.zz/catalog/view/theme/next-default/template/common/footer.tpl on line 56
2016-09-21 13:04:44 - PHP Notice:  Undefined variable: open in /home/karma/server/mysite.zz/catalog/view/theme/next-default/template/common/footer.tpl on line 58
2016-09-21 13:04:44 - PHP Notice:  Undefined variable: meta_description in /home/karma/server/mysite.zz/catalog/view/theme/next-default/template/common/footer.tpl on line 59
2016-09-21 13:04:44 - PHP Notice:  Undefined variable: comment in /home/karma/server/mysite.zz/catalog/view/theme/next-default/template/common/header.tpl on line 96
2016-09-21 13:04:44 - PHP Notice:  Undefined variable: open in /home/karma/server/mysite.zz/catalog/view/theme/next-default/template/common/header.tpl on line 101
2016-09-21 13:05:19 - PHP Notice:  Undefined variable: search in /home/karma/server/mysite.zz/catalog/view/theme/next-default/template/common/footer.tpl on line 24
2016-09-21 13:05:19 - PHP Notice:  Undefined variable: text_search in /home/karma/server/mysite.zz/catalog/view/theme/next-default/template/common/footer.tpl on line 24
2016-09-21 13:05:19 - PHP Notice:  Undefined variable: compare in /home/karma/server/mysite.zz/catalog/view/theme/next-default/template/common/footer.tpl on line 27
2016-09-21 13:05:19 - PHP Notice:  Undefined variable: text_compare in /home/karma/server/mysite.zz/catalog/view/theme/next-default/template/common/footer.tpl on line 27
2016-09-21 13:05:19 - PHP Notice:  Undefined variable: meta_title in /home/karma/server/mysite.zz/catalog/view/theme/next-default/template/common/footer.tpl on line 49
2016-09-21 13:05:19 - PHP Notice:  Undefined variable: telephone in /home/karma/server/mysite.zz/catalog/view/theme/next-default/template/common/footer.tpl on line 52
2016-09-21 13:05:19 - PHP Notice:  Undefined variable: address in /home/karma/server/mysite.zz/catalog/view/theme/next-default/template/common/footer.tpl on line 54
2016-09-21 13:05:19 - PHP Notice:  Undefined variable: email in /home/karma/server/mysite.zz/catalog/view/theme/next-default/template/common/footer.tpl on line 56
2016-09-21 13:05:19 - PHP Notice:  Undefined variable: email in /home/karma/server/mysite.zz/catalog/view/theme/next-default/template/common/footer.tpl on line 56
2016-09-21 13:05:19 - PHP Notice:  Undefined variable: open in /home/karma/server/mysite.zz/catalog/view/theme/next-default/template/common/footer.tpl on line 58
2016-09-21 13:05:19 - PHP Notice:  Undefined variable: meta_description in /home/karma/server/mysite.zz/catalog/view/theme/next-default/template/common/footer.tpl on line 59
2016-09-21 13:05:19 - PHP Notice:  Undefined variable: comment in /home/karma/server/mysite.zz/catalog/view/theme/next-default/template/common/header.tpl on line 96
2016-09-21 13:05:19 - PHP Notice:  Undefined variable: open in /home/karma/server/mysite.zz/catalog/view/theme/next-default/template/common/header.tpl on line 101
2016-09-21 13:05:42 - PHP Notice:  Undefined variable: search in /home/karma/server/mysite.zz/catalog/view/theme/next-default/template/common/footer.tpl on line 24
2016-09-21 13:05:42 - PHP Notice:  Undefined variable: text_search in /home/karma/server/mysite.zz/catalog/view/theme/next-default/template/common/footer.tpl on line 24
2016-09-21 13:05:42 - PHP Notice:  Undefined variable: compare in /home/karma/server/mysite.zz/catalog/view/theme/next-default/template/common/footer.tpl on line 27
2016-09-21 13:05:42 - PHP Notice:  Undefined variable: text_compare in /home/karma/server/mysite.zz/catalog/view/theme/next-default/template/common/footer.tpl on line 27
2016-09-21 13:05:42 - PHP Notice:  Undefined variable: meta_title in /home/karma/server/mysite.zz/catalog/view/theme/next-default/template/common/footer.tpl on line 49
2016-09-21 13:05:42 - PHP Notice:  Undefined variable: telephone in /home/karma/server/mysite.zz/catalog/view/theme/next-default/template/common/footer.tpl on line 52
2016-09-21 13:05:42 - PHP Notice:  Undefined variable: address in /home/karma/server/mysite.zz/catalog/view/theme/next-default/template/common/footer.tpl on line 54
2016-09-21 13:05:42 - PHP Notice:  Undefined variable: email in /home/karma/server/mysite.zz/catalog/view/theme/next-default/template/common/footer.tpl on line 56
2016-09-21 13:05:42 - PHP Notice:  Undefined variable: email in /home/karma/server/mysite.zz/catalog/view/theme/next-default/template/common/footer.tpl on line 56
2016-09-21 13:05:42 - PHP Notice:  Undefined variable: open in /home/karma/server/mysite.zz/catalog/view/theme/next-default/template/common/footer.tpl on line 58
2016-09-21 13:05:42 - PHP Notice:  Undefined variable: meta_description in /home/karma/server/mysite.zz/catalog/view/theme/next-default/template/common/footer.tpl on line 59
2016-09-21 13:05:42 - PHP Notice:  Undefined variable: comment in /home/karma/server/mysite.zz/catalog/view/theme/next-default/template/common/header.tpl on line 96
2016-09-21 13:05:42 - PHP Notice:  Undefined variable: open in /home/karma/server/mysite.zz/catalog/view/theme/next-default/template/common/header.tpl on line 101
2016-09-21 15:46:00 - PHP Notice:  Undefined variable: agree in /home/karma/server/mysite.zz/catalog/view/theme/default/template/checkout/checkout.tpl on line 590
2016-09-22 14:31:15 - Export/Import: Worksheet 'ProductAttributes' uses product_id '100' in the wrong order. Ascending order expected!
2016-09-22 14:31:15 - Export/Import: Worksheet 'ProductAttributes' uses product_id '100' in the wrong order. Ascending order expected!
2016-09-22 14:31:15 - Export/Import: Worksheet 'ProductFilters' uses product_id '100' in the wrong order. Ascending order expected!
2016-09-22 14:31:16 - Export/Import: Undefined filter_name '8.25R15' for filter_group_name 'Типоразмер' used in worksheet 'ProductFilters'!
2016-09-22 14:31:16 - Export/Import: Undefined filter_name '225/75R16C' for filter_group_name 'Типоразмер' used in worksheet 'ProductFilters'!
2016-09-22 14:31:16 - Export/Import: Undefined filter_name '205/65R17.5' for filter_group_name 'Типоразмер' used in worksheet 'ProductFilters'!
2016-09-22 14:31:16 - Export/Import: Undefined filter_name '205/75R17.5' for filter_group_name 'Типоразмер' used in worksheet 'ProductFilters'!
2016-09-22 14:31:16 - Export/Import: Undefined filter_name '205/75R17.5' for filter_group_name 'Типоразмер' used in worksheet 'ProductFilters'!
2016-09-22 14:31:16 - Export/Import: Undefined filter_name '215/75R17.5' for filter_group_name 'Типоразмер' used in worksheet 'ProductFilters'!
2016-09-22 14:31:16 - Export/Import: Undefined filter_name '215/75R17.5' for filter_group_name 'Типоразмер' used in worksheet 'ProductFilters'!
2016-09-22 14:31:16 - Export/Import: Undefined filter_name '215/75R17.5' for filter_group_name 'Типоразмер' used in worksheet 'ProductFilters'!
2016-09-22 14:31:16 - Export/Import: Undefined filter_name '215/75R17.5' for filter_group_name 'Типоразмер' used in worksheet 'ProductFilters'!
2016-09-22 14:31:16 - Export/Import: Undefined filter_name '225/75R17.5' for filter_group_name 'Типоразмер' used in worksheet 'ProductFilters'!
2016-09-22 14:31:16 - Export/Import: Undefined filter_name '225/75R17.5' for filter_group_name 'Типоразмер' used in worksheet 'ProductFilters'!
2016-09-22 14:31:16 - Export/Import: Undefined filter_name '225/75R17.5' for filter_group_name 'Типоразмер' used in worksheet 'ProductFilters'!
2016-09-22 14:31:16 - Export/Import: Undefined filter_name '225/75R17.5' for filter_group_name 'Типоразмер' used in worksheet 'ProductFilters'!
2016-09-22 14:31:16 - Export/Import: Undefined filter_name '235/75R17.5' for filter_group_name 'Типоразмер' used in worksheet 'ProductFilters'!
2016-09-22 14:31:16 - Export/Import: Undefined filter_name '235/75R17.5' for filter_group_name 'Типоразмер' used in worksheet 'ProductFilters'!
2016-09-22 14:31:16 - Export/Import: Undefined filter_name '235/75R17.5' for filter_group_name 'Типоразмер' used in worksheet 'ProductFilters'!
2016-09-22 14:31:16 - Export/Import: Undefined filter_name '9.5R17.5' for filter_group_name 'Типоразмер' used in worksheet 'ProductFilters'!
2016-09-22 14:31:16 - Export/Import: Undefined filter_name '9.5R17.5' for filter_group_name 'Типоразмер' used in worksheet 'ProductFilters'!
2016-09-22 14:31:16 - Export/Import: Undefined filter_name '245/70R17.5' for filter_group_name 'Типоразмер' used in worksheet 'ProductFilters'!
2016-09-22 14:31:16 - Export/Import: Undefined filter_name '245/70R17.5' for filter_group_name 'Типоразмер' used in worksheet 'ProductFilters'!
2016-09-22 14:31:16 - Export/Import: Undefined filter_name '245/70R17.5' for filter_group_name 'Типоразмер' used in worksheet 'ProductFilters'!
2016-09-22 14:31:16 - Export/Import: Undefined filter_name '265/70R17.5' for filter_group_name 'Типоразмер' used in worksheet 'ProductFilters'!
2016-09-22 14:31:16 - Export/Import: Undefined filter_name '265/70R17.5' for filter_group_name 'Типоразмер' used in worksheet 'ProductFilters'!
2016-09-22 14:31:16 - Export/Import: Undefined filter_name '245/70R19.5' for filter_group_name 'Типоразмер' used in worksheet 'ProductFilters'!
2016-09-22 14:31:16 - Export/Import: Undefined filter_name '245/70R19.5' for filter_group_name 'Типоразмер' used in worksheet 'ProductFilters'!
2016-09-22 14:31:16 - Export/Import: Undefined filter_name '245/70R19.5' for filter_group_name 'Типоразмер' used in worksheet 'ProductFilters'!
2016-09-22 14:31:16 - Export/Import: Undefined filter_name '265/70R19.5' for filter_group_name 'Типоразмер' used in worksheet 'ProductFilters'!
2016-09-22 14:31:16 - Export/Import: Undefined filter_name '265/70R19.5' for filter_group_name 'Типоразмер' used in worksheet 'ProductFilters'!
2016-09-22 14:31:16 - Export/Import: Undefined filter_name '285/70R19.5' for filter_group_name 'Типоразмер' used in worksheet 'ProductFilters'!
2016-09-22 14:31:16 - Export/Import: Undefined filter_name '285/70R19.5' for filter_group_name 'Типоразмер' used in worksheet 'ProductFilters'!
2016-09-22 14:31:16 - Export/Import: Undefined filter_name '285/70R19.5' for filter_group_name 'Типоразмер' used in worksheet 'ProductFilters'!
2016-09-22 14:31:16 - Export/Import: Undefined filter_name '305/70R19.5' for filter_group_name 'Типоразмер' used in worksheet 'ProductFilters'!
2016-09-22 14:31:16 - Export/Import: Undefined filter_name '305/70R19.5' for filter_group_name 'Типоразмер' used in worksheet 'ProductFilters'!
2016-09-22 14:31:16 - Export/Import: Undefined filter_name '435/50R19.5' for filter_group_name 'Типоразмер' used in worksheet 'ProductFilters'!
2016-09-22 14:31:16 - Export/Import: Undefined filter_name '10.00R20' for filter_group_name 'Типоразмер' used in worksheet 'ProductFilters'!
2016-09-22 14:31:16 - Export/Import: Undefined filter_name '10.00R20' for filter_group_name 'Типоразмер' used in worksheet 'ProductFilters'!
2016-09-22 14:31:16 - Export/Import: Undefined filter_name '11.00R20' for filter_group_name 'Типоразмер' used in worksheet 'ProductFilters'!
2016-09-22 14:31:16 - Export/Import: Undefined filter_name '11.00R20' for filter_group_name 'Типоразмер' used in worksheet 'ProductFilters'!
2016-09-22 14:31:16 - Export/Import: Undefined filter_name '11.00R20' for filter_group_name 'Типоразмер' used in worksheet 'ProductFilters'!
2016-09-22 14:31:16 - Export/Import: Undefined filter_name '11.00R20' for filter_group_name 'Типоразмер' used in worksheet 'ProductFilters'!
2016-09-22 14:31:16 - Export/Import: Undefined filter_name '12.00R20' for filter_group_name 'Типоразмер' used in worksheet 'ProductFilters'!
2016-09-22 14:31:16 - Export/Import: Undefined filter_name '12.00R20' for filter_group_name 'Типоразмер' used in worksheet 'ProductFilters'!
2016-09-22 14:31:16 - Export/Import: Undefined filter_name '12.00R20' for filter_group_name 'Типоразмер' used in worksheet 'ProductFilters'!
2016-09-22 14:31:16 - Export/Import: Undefined filter_name '14.00R20' for filter_group_name 'Типоразмер' used in worksheet 'ProductFilters'!
2016-09-22 14:31:16 - Export/Import: Undefined filter_name '11R22.5' for filter_group_name 'Типоразмер' used in worksheet 'ProductFilters'!
2016-09-22 14:31:16 - Export/Import: Undefined filter_name '11R22.5' for filter_group_name 'Типоразмер' used in worksheet 'ProductFilters'!
2016-09-22 14:31:16 - Export/Import: Undefined filter_name '11R22.5' for filter_group_name 'Типоразмер' used in worksheet 'ProductFilters'!
2016-09-22 14:31:16 - Export/Import: Undefined filter_name '12R22.5' for filter_group_name 'Типоразмер' used in worksheet 'ProductFilters'!
2016-09-22 14:31:16 - Export/Import: Undefined filter_name '12R22.5' for filter_group_name 'Типоразмер' used in worksheet 'ProductFilters'!
2016-09-22 14:31:16 - Export/Import: Undefined filter_name '13R22.5' for filter_group_name 'Типоразмер' used in worksheet 'ProductFilters'!
2016-09-22 14:31:16 - Export/Import: Undefined filter_name '13R22.5' for filter_group_name 'Типоразмер' used in worksheet 'ProductFilters'!
2016-09-22 14:31:16 - Export/Import: Undefined filter_name '13R22.5' for filter_group_name 'Типоразмер' used in worksheet 'ProductFilters'!
2016-09-22 14:31:16 - Export/Import: Undefined filter_name '275/70R22.5' for filter_group_name 'Типоразмер' used in worksheet 'ProductFilters'!
2016-09-22 14:31:16 - Export/Import: Undefined filter_name '275/70R22.5' for filter_group_name 'Типоразмер' used in worksheet 'ProductFilters'!
2016-09-22 14:31:16 - Export/Import: Undefined filter_name '275/70R22.5' for filter_group_name 'Типоразмер' used in worksheet 'ProductFilters'!
2016-09-22 14:31:16 - Export/Import: Undefined filter_name '275/70R22.5' for filter_group_name 'Типоразмер' used in worksheet 'ProductFilters'!
2016-09-22 14:31:16 - Export/Import: Undefined filter_name '275/80R22.5' for filter_group_name 'Типоразмер' used in worksheet 'ProductFilters'!
2016-09-22 14:31:16 - Export/Import: Undefined filter_name '275/80R22.5' for filter_group_name 'Типоразмер' used in worksheet 'ProductFilters'!
2016-09-22 14:31:16 - Export/Import: Undefined filter_name '295/80R22.5' for filter_group_name 'Типоразмер' used in worksheet 'ProductFilters'!
2016-09-22 14:31:16 - Export/Import: Undefined filter_name '295/80R22.5' for filter_group_name 'Типоразмер' used in worksheet 'ProductFilters'!
2016-09-22 14:31:16 - Export/Import: Undefined filter_name '295/80R22.5' for filter_group_name 'Типоразмер' used in worksheet 'ProductFilters'!
2016-09-22 14:31:16 - Export/Import: Undefined filter_name '295/80R22.5' for filter_group_name 'Типоразмер' used in worksheet 'ProductFilters'!
2016-09-22 14:31:16 - Export/Import: Undefined filter_name '295/80R22.5' for filter_group_name 'Типоразмер' used in worksheet 'ProductFilters'!
2016-09-22 14:31:16 - Export/Import: Undefined filter_name '295/80R22.5' for filter_group_name 'Типоразмер' used in worksheet 'ProductFilters'!
2016-09-22 14:31:16 - Export/Import: Undefined filter_name '295/80R22.5' for filter_group_name 'Типоразмер' used in worksheet 'ProductFilters'!
2016-09-22 14:31:16 - Export/Import: Undefined filter_name '295/60R22.5' for filter_group_name 'Типоразмер' used in worksheet 'ProductFilters'!
2016-09-22 14:31:16 - Export/Import: Undefined filter_name '295/60R22.5' for filter_group_name 'Типоразмер' used in worksheet 'ProductFilters'!
2016-09-22 14:31:16 - Export/Import: Undefined filter_name '305/70R22.5' for filter_group_name 'Типоразмер' used in worksheet 'ProductFilters'!
2016-09-22 14:31:17 - Export/Import: Undefined filter_name '305/70R22.5' for filter_group_name 'Типоразмер' used in worksheet 'ProductFilters'!
2016-09-22 14:31:17 - Export/Import: Undefined filter_name '315/80R22.5' for filter_group_name 'Типоразмер' used in worksheet 'ProductFilters'!
2016-09-22 14:31:17 - Export/Import: Undefined filter_name '315/80R22.5' for filter_group_name 'Типоразмер' used in worksheet 'ProductFilters'!
2016-09-22 14:31:17 - Export/Import: Undefined filter_name '315/80R22.5' for filter_group_name 'Типоразмер' used in worksheet 'ProductFilters'!
2016-09-22 14:31:17 - Export/Import: Undefined filter_name '315/80R22.5' for filter_group_name 'Типоразмер' used in worksheet 'ProductFilters'!
2016-09-22 14:31:17 - Export/Import: Undefined filter_name '315/80R22.5' for filter_group_name 'Типоразмер' used in worksheet 'ProductFilters'!
2016-09-22 14:31:17 - Export/Import: Undefined filter_name '315/80R22.5' for filter_group_name 'Типоразмер' used in worksheet 'ProductFilters'!
2016-09-22 14:31:17 - Export/Import: Undefined filter_name '315/80R22.5' for filter_group_name 'Типоразмер' used in worksheet 'ProductFilters'!
2016-09-22 14:31:17 - Export/Import: Undefined filter_name '315/80R22.5' for filter_group_name 'Типоразмер' used in worksheet 'ProductFilters'!
2016-09-22 14:31:17 - Export/Import: Undefined filter_name '315/80R22.5' for filter_group_name 'Типоразмер' used in worksheet 'ProductFilters'!
2016-09-22 14:31:17 - Export/Import: Undefined filter_name '315/80R22.5' for filter_group_name 'Типоразмер' used in worksheet 'ProductFilters'!
2016-09-22 14:31:17 - Export/Import: Undefined filter_name '315/80R22.5' for filter_group_name 'Типоразмер' used in worksheet 'ProductFilters'!
2016-09-22 14:31:17 - Export/Import: Undefined filter_name '315/80R22.5' for filter_group_name 'Типоразмер' used in worksheet 'ProductFilters'!
2016-09-22 14:31:17 - Export/Import: Undefined filter_name '315/70R22.5' for filter_group_name 'Типоразмер' used in worksheet 'ProductFilters'!
2016-09-22 14:31:17 - Export/Import: Undefined filter_name '315/70R22.5' for filter_group_name 'Типоразмер' used in worksheet 'ProductFilters'!
2016-09-22 14:31:17 - Export/Import: Undefined filter_name '315/70R22.5' for filter_group_name 'Типоразмер' used in worksheet 'ProductFilters'!
2016-09-22 14:31:17 - Export/Import: Undefined filter_name '315/70R22.5' for filter_group_name 'Типоразмер' used in worksheet 'ProductFilters'!
2016-09-22 14:31:17 - Export/Import: Undefined filter_name '315/70R22.5' for filter_group_name 'Типоразмер' used in worksheet 'ProductFilters'!
2016-09-22 14:31:17 - Export/Import: Undefined filter_name '315/70R22.5' for filter_group_name 'Типоразмер' used in worksheet 'ProductFilters'!
2016-09-22 14:31:17 - Export/Import: Undefined filter_name '315/70R22.5' for filter_group_name 'Типоразмер' used in worksheet 'ProductFilters'!
2016-09-22 14:31:17 - Export/Import: Undefined filter_name '315/70R22.5' for filter_group_name 'Типоразмер' used in worksheet 'ProductFilters'!
2016-09-22 14:31:17 - Export/Import: Undefined filter_name '315/70R22.5' for filter_group_name 'Типоразмер' used in worksheet 'ProductFilters'!
2016-09-22 14:31:17 - Export/Import: Undefined filter_name '315/70R22.5' for filter_group_name 'Типоразмер' used in worksheet 'ProductFilters'!
2016-09-22 14:31:17 - Export/Import: Undefined filter_name '315/60R22.5' for filter_group_name 'Типоразмер' used in worksheet 'ProductFilters'!
2016-09-22 14:31:17 - Export/Import: Undefined filter_name '315/60R22.5' for filter_group_name 'Типоразмер' used in worksheet 'ProductFilters'!
2016-09-22 14:31:17 - Export/Import: Undefined filter_name '385/65R22.5' for filter_group_name 'Типоразмер' used in worksheet 'ProductFilters'!
2016-09-22 14:31:17 - Export/Import: Undefined filter_name '385/65R22.5' for filter_group_name 'Типоразмер' used in worksheet 'ProductFilters'!
2016-09-22 14:31:17 - Export/Import: Undefined filter_name '385/65R22.5' for filter_group_name 'Типоразмер' used in worksheet 'ProductFilters'!
2016-09-22 14:31:17 - Export/Import: Undefined filter_name '385/65R22.5' for filter_group_name 'Типоразмер' used in worksheet 'ProductFilters'!
2016-09-22 14:31:17 - Export/Import: Undefined filter_name '385/65R22.5' for filter_group_name 'Типоразмер' used in worksheet 'ProductFilters'!
2016-09-22 14:31:17 - Export/Import: Undefined filter_name '385/55R22.5' for filter_group_name 'Типоразмер' used in worksheet 'ProductFilters'!
2016-09-22 14:31:17 - Export/Import: Undefined filter_name '385/55R22.5' for filter_group_name 'Типоразмер' used in worksheet 'ProductFilters'!
2016-09-22 14:31:17 - Export/Import: Undefined filter_name '425/65R22.5' for filter_group_name 'Типоразмер' used in worksheet 'ProductFilters'!
2016-09-22 14:31:17 - Export/Import: Undefined filter_name '425/65R22.5' for filter_group_name 'Типоразмер' used in worksheet 'ProductFilters'!
2016-09-22 14:31:17 - Export/Import: Undefined filter_name '445/65R22.5' for filter_group_name 'Типоразмер' used in worksheet 'ProductFilters'!
2016-09-22 14:31:17 - Export/Import: Undefined filter_name '445/65R22.5' for filter_group_name 'Типоразмер' used in worksheet 'ProductFilters'!
2016-09-22 14:31:17 - Export/Import: Undefined filter_name '12.00R24' for filter_group_name 'Типоразмер' used in worksheet 'ProductFilters'!
2016-09-22 14:31:17 - Export/Import: Undefined filter_name '12.00R24' for filter_group_name 'Типоразмер' used in worksheet 'ProductFilters'!
2016-09-22 14:31:17 - Export/Import: Undefined filter_name '325/95R24' for filter_group_name 'Типоразмер' used in worksheet 'ProductFilters'!
2016-09-22 14:31:17 - Export/Import: Undefined filter_name '8.25R15' for filter_group_name 'Типоразмер' used in worksheet 'CategoryFilters'!
2016-09-22 14:31:17 - Export/Import: Undefined filter_name '225/75R16C' for filter_group_name 'Типоразмер' used in worksheet 'CategoryFilters'!
2016-09-22 14:31:17 - Export/Import: Undefined filter_name '205/65R17.5' for filter_group_name 'Типоразмер' used in worksheet 'CategoryFilters'!
2016-09-22 14:31:17 - Export/Import: Undefined filter_name '205/75R17.5' for filter_group_name 'Типоразмер' used in worksheet 'CategoryFilters'!
2016-09-22 14:31:17 - Export/Import: Undefined filter_name '205/75R17.5' for filter_group_name 'Типоразмер' used in worksheet 'CategoryFilters'!
2016-09-22 14:31:17 - Export/Import: Undefined filter_name '215/75R17.5' for filter_group_name 'Типоразмер' used in worksheet 'CategoryFilters'!
2016-09-22 14:31:17 - Export/Import: Undefined filter_name '215/75R17.5' for filter_group_name 'Типоразмер' used in worksheet 'CategoryFilters'!
2016-09-22 14:31:17 - Export/Import: Undefined filter_name '215/75R17.5' for filter_group_name 'Типоразмер' used in worksheet 'CategoryFilters'!
2016-09-22 14:31:17 - Export/Import: Undefined filter_name '215/75R17.5' for filter_group_name 'Типоразмер' used in worksheet 'CategoryFilters'!
2016-09-22 14:31:17 - Export/Import: Undefined filter_name '225/75R17.5' for filter_group_name 'Типоразмер' used in worksheet 'CategoryFilters'!
2016-09-22 14:31:17 - Export/Import: Undefined filter_name '225/75R17.5' for filter_group_name 'Типоразмер' used in worksheet 'CategoryFilters'!
2016-09-22 14:31:17 - Export/Import: Undefined filter_name '225/75R17.5' for filter_group_name 'Типоразмер' used in worksheet 'CategoryFilters'!
2016-09-22 14:31:17 - Export/Import: Undefined filter_name '225/75R17.5' for filter_group_name 'Типоразмер' used in worksheet 'CategoryFilters'!
2016-09-22 14:31:17 - Export/Import: Undefined filter_name '235/75R17.5' for filter_group_name 'Типоразмер' used in worksheet 'CategoryFilters'!
2016-09-22 14:31:17 - Export/Import: Undefined filter_name '235/75R17.5' for filter_group_name 'Типоразмер' used in worksheet 'CategoryFilters'!
2016-09-22 14:31:17 - Export/Import: Undefined filter_name '235/75R17.5' for filter_group_name 'Типоразмер' used in worksheet 'CategoryFilters'!
2016-09-22 14:31:17 - Export/Import: Undefined filter_name '9.5R17.5' for filter_group_name 'Типоразмер' used in worksheet 'CategoryFilters'!
2016-09-22 14:31:17 - Export/Import: Undefined filter_name '9.5R17.5' for filter_group_name 'Типоразмер' used in worksheet 'CategoryFilters'!
2016-09-22 14:31:17 - Export/Import: Undefined filter_name '245/70R17.5' for filter_group_name 'Типоразмер' used in worksheet 'CategoryFilters'!
2016-09-22 14:31:17 - Export/Import: Undefined filter_name '245/70R17.5' for filter_group_name 'Типоразмер' used in worksheet 'CategoryFilters'!
2016-09-22 14:31:17 - Export/Import: Undefined filter_name '245/70R17.5' for filter_group_name 'Типоразмер' used in worksheet 'CategoryFilters'!
2016-09-22 14:31:17 - Export/Import: Undefined filter_name '265/70R17.5' for filter_group_name 'Типоразмер' used in worksheet 'CategoryFilters'!
2016-09-22 14:31:17 - Export/Import: Undefined filter_name '265/70R17.5' for filter_group_name 'Типоразмер' used in worksheet 'CategoryFilters'!
2016-09-22 14:31:17 - Export/Import: Undefined filter_name '245/70R19.5' for filter_group_name 'Типоразмер' used in worksheet 'CategoryFilters'!
2016-09-22 14:31:17 - Export/Import: Undefined filter_name '245/70R19.5' for filter_group_name 'Типоразмер' used in worksheet 'CategoryFilters'!
2016-09-22 14:31:17 - Export/Import: Undefined filter_name '245/70R19.5' for filter_group_name 'Типоразмер' used in worksheet 'CategoryFilters'!
2016-09-22 14:31:17 - Export/Import: Undefined filter_name '265/70R19.5' for filter_group_name 'Типоразмер' used in worksheet 'CategoryFilters'!
2016-09-22 14:31:17 - Export/Import: Undefined filter_name '265/70R19.5' for filter_group_name 'Типоразмер' used in worksheet 'CategoryFilters'!
2016-09-22 14:31:17 - Export/Import: Undefined filter_name '285/70R19.5' for filter_group_name 'Типоразмер' used in worksheet 'CategoryFilters'!
2016-09-22 14:31:17 - Export/Import: Undefined filter_name '285/70R19.5' for filter_group_name 'Типоразмер' used in worksheet 'CategoryFilters'!
2016-09-22 14:31:17 - Export/Import: Undefined filter_name '285/70R19.5' for filter_group_name 'Типоразмер' used in worksheet 'CategoryFilters'!
2016-09-22 14:31:17 - Export/Import: Undefined filter_name '305/70R19.5' for filter_group_name 'Типоразмер' used in worksheet 'CategoryFilters'!
2016-09-22 14:31:17 - Export/Import: Undefined filter_name '305/70R19.5' for filter_group_name 'Типоразмер' used in worksheet 'CategoryFilters'!
2016-09-22 14:31:17 - Export/Import: Undefined filter_name '435/50R19.5' for filter_group_name 'Типоразмер' used in worksheet 'CategoryFilters'!
2016-09-22 14:31:17 - Export/Import: Undefined filter_name '10.00R20' for filter_group_name 'Типоразмер' used in worksheet 'CategoryFilters'!
2016-09-22 14:31:17 - Export/Import: Undefined filter_name '10.00R20' for filter_group_name 'Типоразмер' used in worksheet 'CategoryFilters'!
2016-09-22 14:31:17 - Export/Import: Undefined filter_name '11.00R20' for filter_group_name 'Типоразмер' used in worksheet 'CategoryFilters'!
2016-09-22 14:31:17 - Export/Import: Undefined filter_name '11.00R20' for filter_group_name 'Типоразмер' used in worksheet 'CategoryFilters'!
2016-09-22 14:31:17 - Export/Import: Undefined filter_name '11.00R20' for filter_group_name 'Типоразмер' used in worksheet 'CategoryFilters'!
2016-09-22 14:31:17 - Export/Import: Undefined filter_name '11.00R20' for filter_group_name 'Типоразмер' used in worksheet 'CategoryFilters'!
2016-09-22 14:31:17 - Export/Import: Undefined filter_name '12.00R20' for filter_group_name 'Типоразмер' used in worksheet 'CategoryFilters'!
2016-09-22 14:31:17 - Export/Import: Undefined filter_name '12.00R20' for filter_group_name 'Типоразмер' used in worksheet 'CategoryFilters'!
2016-09-22 14:31:17 - Export/Import: Undefined filter_name '12.00R20' for filter_group_name 'Типоразмер' used in worksheet 'CategoryFilters'!
2016-09-22 14:31:17 - Export/Import: Undefined filter_name '14.00R20' for filter_group_name 'Типоразмер' used in worksheet 'CategoryFilters'!
2016-09-22 14:31:17 - Export/Import: Undefined filter_name '11R22.5' for filter_group_name 'Типоразмер' used in worksheet 'CategoryFilters'!
2016-09-22 14:31:17 - Export/Import: Undefined filter_name '11R22.5' for filter_group_name 'Типоразмер' used in worksheet 'CategoryFilters'!
2016-09-22 14:31:17 - Export/Import: Undefined filter_name '11R22.5' for filter_group_name 'Типоразмер' used in worksheet 'CategoryFilters'!
2016-09-22 14:31:17 - Export/Import: Undefined filter_name '12R22.5' for filter_group_name 'Типоразмер' used in worksheet 'CategoryFilters'!
2016-09-22 14:31:17 - Export/Import: Undefined filter_name '12R22.5' for filter_group_name 'Типоразмер' used in worksheet 'CategoryFilters'!
2016-09-22 14:31:17 - Export/Import: Undefined filter_name '13R22.5' for filter_group_name 'Типоразмер' used in worksheet 'CategoryFilters'!
2016-09-22 14:31:17 - Export/Import: Undefined filter_name '13R22.5' for filter_group_name 'Типоразмер' used in worksheet 'CategoryFilters'!
2016-09-22 14:31:17 - Export/Import: Undefined filter_name '13R22.5' for filter_group_name 'Типоразмер' used in worksheet 'CategoryFilters'!
2016-09-22 14:31:17 - Export/Import: Undefined filter_name '275/70R22.5' for filter_group_name 'Типоразмер' used in worksheet 'CategoryFilters'!
2016-09-22 14:31:17 - Export/Import: Undefined filter_name '275/70R22.5' for filter_group_name 'Типоразмер' used in worksheet 'CategoryFilters'!
2016-09-22 14:31:17 - Export/Import: Undefined filter_name '275/70R22.5' for filter_group_name 'Типоразмер' used in worksheet 'CategoryFilters'!
2016-09-22 14:31:17 - Export/Import: Undefined filter_name '275/70R22.5' for filter_group_name 'Типоразмер' used in worksheet 'CategoryFilters'!
2016-09-22 14:31:17 - Export/Import: Undefined filter_name '275/80R22.5' for filter_group_name 'Типоразмер' used in worksheet 'CategoryFilters'!
2016-09-22 14:31:17 - Export/Import: Undefined filter_name '275/80R22.5' for filter_group_name 'Типоразмер' used in worksheet 'CategoryFilters'!
2016-09-22 14:31:17 - Export/Import: Undefined filter_name '295/80R22.5' for filter_group_name 'Типоразмер' used in worksheet 'CategoryFilters'!
2016-09-22 14:31:17 - Export/Import: Undefined filter_name '295/80R22.5' for filter_group_name 'Типоразмер' used in worksheet 'CategoryFilters'!
2016-09-22 14:31:17 - Export/Import: Undefined filter_name '295/80R22.5' for filter_group_name 'Типоразмер' used in worksheet 'CategoryFilters'!
2016-09-22 14:31:17 - Export/Import: Undefined filter_name '295/80R22.5' for filter_group_name 'Типоразмер' used in worksheet 'CategoryFilters'!
2016-09-22 14:31:17 - Export/Import: Undefined filter_name '295/80R22.5' for filter_group_name 'Типоразмер' used in worksheet 'CategoryFilters'!
2016-09-22 14:31:17 - Export/Import: Undefined filter_name '295/80R22.5' for filter_group_name 'Типоразмер' used in worksheet 'CategoryFilters'!
2016-09-22 14:31:17 - Export/Import: Undefined filter_name '295/80R22.5' for filter_group_name 'Типоразмер' used in worksheet 'CategoryFilters'!
2016-09-22 14:31:17 - Export/Import: Undefined filter_name '295/60R22.5' for filter_group_name 'Типоразмер' used in worksheet 'CategoryFilters'!
2016-09-22 14:31:17 - Export/Import: Undefined filter_name '295/60R22.5' for filter_group_name 'Типоразмер' used in worksheet 'CategoryFilters'!
2016-09-22 14:31:17 - Export/Import: Undefined filter_name '305/70R22.5' for filter_group_name 'Типоразмер' used in worksheet 'CategoryFilters'!
2016-09-22 14:31:17 - Export/Import: Undefined filter_name '305/70R22.5' for filter_group_name 'Типоразмер' used in worksheet 'CategoryFilters'!
2016-09-22 14:31:17 - Export/Import: Undefined filter_name '315/80R22.5' for filter_group_name 'Типоразмер' used in worksheet 'CategoryFilters'!
2016-09-22 14:31:17 - Export/Import: Undefined filter_name '315/80R22.5' for filter_group_name 'Типоразмер' used in worksheet 'CategoryFilters'!
2016-09-22 14:31:17 - Export/Import: Undefined filter_name '315/80R22.5' for filter_group_name 'Типоразмер' used in worksheet 'CategoryFilters'!
2016-09-22 14:31:17 - Export/Import: Undefined filter_name '315/80R22.5' for filter_group_name 'Типоразмер' used in worksheet 'CategoryFilters'!
2016-09-22 14:31:17 - Export/Import: Undefined filter_name '315/80R22.5' for filter_group_name 'Типоразмер' used in worksheet 'CategoryFilters'!
2016-09-22 14:31:17 - Export/Import: Undefined filter_name '315/80R22.5' for filter_group_name 'Типоразмер' used in worksheet 'CategoryFilters'!
2016-09-22 14:31:17 - Export/Import: Undefined filter_name '315/80R22.5' for filter_group_name 'Типоразмер' used in worksheet 'CategoryFilters'!
2016-09-22 14:31:17 - Export/Import: Undefined filter_name '315/80R22.5' for filter_group_name 'Типоразмер' used in worksheet 'CategoryFilters'!
2016-09-22 14:31:17 - Export/Import: Undefined filter_name '315/80R22.5' for filter_group_name 'Типоразмер' used in worksheet 'CategoryFilters'!
2016-09-22 14:31:17 - Export/Import: Undefined filter_name '315/80R22.5' for filter_group_name 'Типоразмер' used in worksheet 'CategoryFilters'!
2016-09-22 14:31:17 - Export/Import: Undefined filter_name '315/80R22.5' for filter_group_name 'Типоразмер' used in worksheet 'CategoryFilters'!
2016-09-22 14:31:17 - Export/Import: Undefined filter_name '315/80R22.5' for filter_group_name 'Типоразмер' used in worksheet 'CategoryFilters'!
2016-09-22 14:31:17 - Export/Import: Undefined filter_name '315/70R22.5' for filter_group_name 'Типоразмер' used in worksheet 'CategoryFilters'!
2016-09-22 14:31:17 - Export/Import: Undefined filter_name '315/70R22.5' for filter_group_name 'Типоразмер' used in worksheet 'CategoryFilters'!
2016-09-22 14:31:17 - Export/Import: Undefined filter_name '315/70R22.5' for filter_group_name 'Типоразмер' used in worksheet 'CategoryFilters'!
2016-09-22 14:31:17 - Export/Import: Undefined filter_name '315/70R22.5' for filter_group_name 'Типоразмер' used in worksheet 'CategoryFilters'!
2016-09-22 14:31:17 - Export/Import: Undefined filter_name '315/70R22.5' for filter_group_name 'Типоразмер' used in worksheet 'CategoryFilters'!
2016-09-22 14:31:17 - Export/Import: Undefined filter_name '315/70R22.5' for filter_group_name 'Типоразмер' used in worksheet 'CategoryFilters'!
2016-09-22 14:31:17 - Export/Import: Undefined filter_name '315/70R22.5' for filter_group_name 'Типоразмер' used in worksheet 'CategoryFilters'!
2016-09-22 14:31:17 - Export/Import: Undefined filter_name '315/70R22.5' for filter_group_name 'Типоразмер' used in worksheet 'CategoryFilters'!
2016-09-22 14:31:17 - Export/Import: Undefined filter_name '315/70R22.5' for filter_group_name 'Типоразмер' used in worksheet 'CategoryFilters'!
2016-09-22 14:31:17 - Export/Import: Undefined filter_name '315/70R22.5' for filter_group_name 'Типоразмер' used in worksheet 'CategoryFilters'!
2016-09-22 14:31:17 - Export/Import: Undefined filter_name '315/60R22.5' for filter_group_name 'Типоразмер' used in worksheet 'CategoryFilters'!
2016-09-22 14:31:17 - Export/Import: Undefined filter_name '315/60R22.5' for filter_group_name 'Типоразмер' used in worksheet 'CategoryFilters'!
2016-09-22 14:31:17 - Export/Import: Undefined filter_name '385/65R22.5' for filter_group_name 'Типоразмер' used in worksheet 'CategoryFilters'!
2016-09-22 14:31:17 - Export/Import: Undefined filter_name '385/65R22.5' for filter_group_name 'Типоразмер' used in worksheet 'CategoryFilters'!
2016-09-22 14:31:17 - Export/Import: Undefined filter_name '385/65R22.5' for filter_group_name 'Типоразмер' used in worksheet 'CategoryFilters'!
2016-09-22 14:31:17 - Export/Import: Undefined filter_name '385/65R22.5' for filter_group_name 'Типоразмер' used in worksheet 'CategoryFilters'!
2016-09-22 14:31:17 - Export/Import: Undefined filter_name '385/65R22.5' for filter_group_name 'Типоразмер' used in worksheet 'CategoryFilters'!
2016-09-22 14:31:17 - Export/Import: Undefined filter_name '385/55R22.5' for filter_group_name 'Типоразмер' used in worksheet 'CategoryFilters'!
2016-09-22 14:31:17 - Export/Import: Undefined filter_name '385/55R22.5' for filter_group_name 'Типоразмер' used in worksheet 'CategoryFilters'!
2016-09-22 14:31:17 - Export/Import: Undefined filter_name '425/65R22.5' for filter_group_name 'Типоразмер' used in worksheet 'CategoryFilters'!
2016-09-22 14:31:17 - Export/Import: Undefined filter_name '425/65R22.5' for filter_group_name 'Типоразмер' used in worksheet 'CategoryFilters'!
2016-09-22 14:31:17 - Export/Import: Undefined filter_name '445/65R22.5' for filter_group_name 'Типоразмер' used in worksheet 'CategoryFilters'!
2016-09-22 14:31:17 - Export/Import: Undefined filter_name '445/65R22.5' for filter_group_name 'Типоразмер' used in worksheet 'CategoryFilters'!
2016-09-22 14:31:17 - Export/Import: Undefined filter_name '12.00R24' for filter_group_name 'Типоразмер' used in worksheet 'CategoryFilters'!
2016-09-22 14:31:17 - Export/Import: Undefined filter_name '12.00R24' for filter_group_name 'Типоразмер' used in worksheet 'CategoryFilters'!
2016-09-22 14:31:17 - Export/Import: Undefined filter_name '325/95R24' for filter_group_name 'Типоразмер' used in worksheet 'CategoryFilters'!
2016-09-23 12:45:54 - PHP Notice:  Error: Duplicate entry '30-15-1' for key 'PRIMARY'<br />Error No: 1062<br />INSERT INTO oc_product_attribute SET product_id = '30', attribute_id = '15', language_id = '1', text = '12' in /home/karma/server/mysite.zz/system/library/db/mysqli.php on line 41
2016-09-23 15:49:26 - Export/Import: Worksheet 'ProductFilters' uses product_id '1' in the wrong order. Ascending order expected!
2016-09-23 15:49:26 - Export/Import: Worksheet 'ProductFilters' uses product_id '207' in the wrong order. Ascending order expected!
2016-09-23 15:49:27 - Export/Import: Undefined filter_name 'Диагональня' for filter_group_name 'Тип шины' used in worksheet 'ProductFilters'!
2016-09-23 15:49:28 - Export/Import: Undefined filter_name 'Диагональня' for filter_group_name 'Тип шины' used in worksheet 'CategoryFilters'!
2016-09-23 15:51:08 - Export/Import: Worksheet 'ProductFilters' uses product_id '1' in the wrong order. Ascending order expected!
2016-09-23 15:51:08 - Export/Import: Worksheet 'ProductFilters' uses product_id '207' in the wrong order. Ascending order expected!
2016-09-23 15:53:17 - Export/Import: Worksheet 'ProductFilters' uses product_id '1' in the wrong order. Ascending order expected!
